Drill report for DMH_VCM_Mk2_PCB_2.kicad_pcb
Created on 2025-10-04T20:42:40+0200

Copper Layer Stackup:
    =============================================================
    L1 :  F.Cu                      front
    L2 :  B.Cu                      back


Drill file 'DMH_VCM_Mk2_PCB_2-PTH.drl' contains
    plated through holes:
    =============================================================
    T1  0.800mm  0.0315"  (18 holes)
    T2  0.900mm  0.0354"  (9 holes)
    T3  1.000mm  0.0394"  (46 holes)
    T4  1.100mm  0.0433"  (6 holes)  (with 6 slots)
    T5  1.800mm  0.0709"  (18 holes)
    T6  2.000mm  0.0787"  (6 holes)  (with 6 slots)

    Total plated holes count 103


Drill file 'DMH_VCM_Mk2_PCB_2-NPTH.drl' contains
    unplated through holes:
    =============================================================

    Total unplated holes count 0
